4/19/2023 5:11:33 PM	This log contains information about the import schema operation into project 'VetDB' on computer 'WINDOWS-P1C2I8Q' by user 'megha'.
4/19/2023 5:11:34 PM	Import of database schema has started.
4/19/2023 5:11:41 PM	Gathering database credentials
4/19/2023 5:11:41 PM	Gathering database options
4/19/2023 5:11:41 PM	Gathering generic database scoped configuration option
4/19/2023 5:11:41 PM	Gathering users
4/19/2023 5:11:41 PM	Gathering roles
4/19/2023 5:11:41 PM	Gathering application roles
4/19/2023 5:11:41 PM	Gathering role memberships
4/19/2023 5:11:41 PM	Gathering filegroups
4/19/2023 5:11:41 PM	Gathering full-text catalogs
4/19/2023 5:11:41 PM	Gathering assemblies
4/19/2023 5:11:41 PM	Gathering certificates
4/19/2023 5:11:41 PM	Gathering asymmetric keys
4/19/2023 5:11:41 PM	Gathering symmetric keys
4/19/2023 5:11:41 PM	Gathering encrypted symmetric keys
4/19/2023 5:11:41 PM	Gathering schemas
4/19/2023 5:11:41 PM	Gathering XML schema collections
4/19/2023 5:11:41 PM	Gathering user-defined data types
4/19/2023 5:11:41 PM	Gathering user-defined types
4/19/2023 5:11:41 PM	Gathering table types
4/19/2023 5:11:41 PM	Gathering unique keys for table types
4/19/2023 5:11:41 PM	Gathering primary keys for table types
4/19/2023 5:11:41 PM	Gathering indexes for table types
4/19/2023 5:11:41 PM	Gathering check constraints for table types
4/19/2023 5:11:41 PM	Gathering default constraints for table types
4/19/2023 5:11:41 PM	Gathering partition functions
4/19/2023 5:11:41 PM	Gathering partition schemes
4/19/2023 5:11:41 PM	Gathering functions
4/19/2023 5:11:41 PM	Gathering encrypted functions
4/19/2023 5:11:41 PM	Gathering aggregates
4/19/2023 5:11:41 PM	Gathering procedures
4/19/2023 5:11:41 PM	Gathering encrypted procedures
4/19/2023 5:11:41 PM	Gathering tables
4/19/2023 5:11:41 PM	Gathering primary keys
4/19/2023 5:11:41 PM	Gathering unique constraints
4/19/2023 5:11:41 PM	Gathering foreign keys
4/19/2023 5:11:41 PM	Gathering default constraints
4/19/2023 5:11:42 PM	Gathering check constraints
4/19/2023 5:11:42 PM	Gathering views
4/19/2023 5:11:42 PM	Gathering encrypted views
4/19/2023 5:11:42 PM	Gathering indexes
4/19/2023 5:11:42 PM	Gathering statistics
4/19/2023 5:11:42 PM	Gathering full-text index stoplists
4/19/2023 5:11:42 PM	Gathering search property lists
4/19/2023 5:11:42 PM	Gathering search properties
4/19/2023 5:11:42 PM	Gathering full-text indexes
4/19/2023 5:11:42 PM	Gathering column store indexes
4/19/2023 5:11:42 PM	Gathering spatial indexes
4/19/2023 5:11:42 PM	Gathering XML indexes
4/19/2023 5:11:42 PM	Gathering Selective XML indexes
4/19/2023 5:11:42 PM	Gathering encrypted triggers
4/19/2023 5:11:42 PM	Gathering triggers
4/19/2023 5:11:42 PM	Gathering encrypted and clr ddl triggers
4/19/2023 5:11:42 PM	Gathering ddl triggers
4/19/2023 5:11:42 PM	Gathering synonyms
4/19/2023 5:11:42 PM	Gathering defaults
4/19/2023 5:11:42 PM	Gathering data constraint uddt bindings
4/19/2023 5:11:42 PM	Gathering rules
4/19/2023 5:11:42 PM	Gathering data constraint uddt bindings
4/19/2023 5:11:42 PM	Gathering message types
4/19/2023 5:11:42 PM	Gathering queues
4/19/2023 5:11:42 PM	Gathering contracts
4/19/2023 5:11:42 PM	Gathering services
4/19/2023 5:11:42 PM	Gathering event notifications
4/19/2023 5:11:42 PM	Gathering remote service bindings
4/19/2023 5:11:42 PM	Gathering broker priorities
4/19/2023 5:11:42 PM	Gathering signatures
4/19/2023 5:11:42 PM	Gathering data compression options
4/19/2023 5:11:42 PM	Gathering sequence types
4/19/2023 5:11:42 PM	Gathering security policies
4/19/2023 5:11:42 PM	Gather column encryption keys
4/19/2023 5:11:42 PM	Gathering column master keys
4/19/2023 5:11:42 PM	Gathering external data sources
4/19/2023 5:11:42 PM	Gathering external file formats
4/19/2023 5:11:42 PM	Gathering external tables
4/19/2023 5:11:42 PM	Gathering extended properties
4/19/2023 5:11:42 PM	Gathering assemblies
4/19/2023 5:11:42 PM	Gathering credentials
4/19/2023 5:11:42 PM	Gathering logins
4/19/2023 5:11:42 PM	Gathering server audits
4/19/2023 5:11:42 PM	An exception was encountered while attempting to retrieve the default data path: ''.  As a result, absolute paths may appear in ADD FILE statements.
4/19/2023 5:11:42 PM	Scanning project for duplicate elements
4/19/2023 5:11:42 PM	Finished duplicate element processing
4/19/2023 5:11:43 PM	Finished importing database.
4/19/2023 5:11:43 PM	A summary of the import was saved to the following location: C:\Users\megha.WINDOWS-P1C2I8Q\Source\Repos\vetty-petty\VetDB\Import Schema Logs\VetDB_20230419101133.log
4/19/2023 5:11:43 PM	Click Finish to continue...
